[12:51:08] --- Tarama Başlatıldı ---
[12:51:08] --- Yeni Kocaeli taranıyor ---
[12:51:13] ✅ YENİ: [Kültürel Etkinlikler] - Derince
[12:51:17] ✅ YENİ: [Spor] - Kartepe
[12:51:36] ✅ YENİ: [Cinayet & Saldırı] - Ömerağa Mahallesi, Izmit
[12:51:39] ✅ YENİ: [Kültürel Etkinlikler] - Derince
[12:51:43] ✅ YENİ: [Yangın] - Otoyolu , Derince
[12:51:47] ✅ YENİ: [Kültürel Etkinlikler] - Izmit
[12:51:57] ✅ YENİ: [Elektrik Kesintisi] - Derince
[12:52:18] ✅ YENİ: [Cinayet & Saldırı] - Izmit
[12:52:34] ✅ YENİ: [Kültürel Etkinlikler] - Derince
[12:52:38] ✅ YENİ: [Kültürel Etkinlikler] - Derince
[12:52:38] --- Çağdaş Kocaeli taranıyor ---
[12:52:42] ⏩ Tarih eski/hatalı (16.04.2026): https://www.cagdaskocaeli.com.tr/haber/27735678/kocaeli-devlet-hastanesi-bashekimligi
[12:52:46] 🔎 Tür belirlenemedi: Kartepe'de kamu alanı gerekçesiyle evine el konuld...
[12:52:49] 🔎 Tür belirlenemedi: Kocaeli vefat listesi (2 Nisan 2026 Perşembe): Bug...
[12:52:52] 🔎 Tür belirlenemedi: Kartepe'deki o fabrikada maaşlar 119 bin TL oldu! ...
[12:52:56] ⏩ Tarih eski/hatalı (None): https://www.cagdaskocaeli.com.tr/makale/27689955/sadun-cetin/izninizle-mola
[12:52:58] ⏩ Eski haber atlandı (2026-01-01 00:00:00): https://www.cagdaskocaeli.com.tr/makale/27723750/nurettin-kolayli/esnaf-odalarinda-zirvede-degisim-olur-mu
[12:53:01] ⏩ Tarih eski/hatalı (None): https://www.cagdaskocaeli.com.tr/makale/27717191/mevlut-can-ozcelik/bashekim-emre-sertele-ziyaret
[12:53:05] ⏩ Tarih eski/hatalı (None): https://www.cagdaskocaeli.com.tr/makale/27656318/yigit-ozcan/utandiniz-mi
[12:53:09] ⏩ Tarih eski/hatalı (None): https://www.cagdaskocaeli.com.tr/makale/27723654/faruk-kurnaz/kasif-yazilimi-ile-vergi-uyumunda-yeni-yaklasim
[12:53:12] 🔎 Tür belirlenemedi: 






Romanya tamam, sırada Kosova var
 İsmail Er...
[12:53:16] ⏩ Tarih eski/hatalı (None): https://www.cagdaskocaeli.com.tr/makale/27729474/fazile-ozkurt/ciftcilik
[12:53:20] ⏩ Tarih eski/hatalı (None): https://www.cagdaskocaeli.com.tr/makale/27728826/uygar-kaya/24-yilin-ozlemi-sona-erdi
[12:53:23] 🔎 Tür belirlenemedi: 






İnce sızım...
 Yeliz Seyhan


...
[12:53:26] ⏩ Tarih eski/hatalı (None): https://www.cagdaskocaeli.com.tr/makale/27729428/kadir-durgun/maksat-hasil-oldu-mu
[12:53:29] ⏩ Tarih eski/hatalı (None): https://www.cagdaskocaeli.com.tr/makale/27700012/tolgahan-ince/yag-yakarken-demirle-dans-etmeyen-aynada-kendiyle-vedalassin
[12:53:33] ⏩ Eski haber atlandı (2026-03-30 10:57:00): https://www.cagdaskocaeli.com.tr/makale/27688069/aysel-gul/insanligin-sinavi-yapay-zeka-tehdit-mi-firsat-mi
[12:53:36] ⏩ Tarih eski/hatalı (None): https://www.cagdaskocaeli.com.tr/makale/27702606/ugur-gokhan-uluc/tenise-baslamak-icin-gec-diye-bir-sey-var-mi
[12:53:39] ⏩ Eski haber atlandı (2026-03-27 17:29:00): https://www.cagdaskocaeli.com.tr/makale/26860289/arda-surer/sanatin-gizli-dahileri-dunyanin-en-zeki-sanatcilari
[12:53:42] ⏩ Tarih eski/hatalı (None): https://www.cagdaskocaeli.com.tr/makale/27697068/tolga-kaya/gelir-ile-harcama-arasindaki-uyumsuzluk-uzerine
[12:53:46] ⏩ Eski haber atlandı (2026-03-04 20:50:00): https://www.cagdaskocaeli.com.tr/makale/27561068/gozde-eda-sayan/guclu-insanlar-da-kaygilanir
[12:53:49] 🔎 Tür belirlenemedi: A101 2 Nisan 2026 kataloğu yayınlandı: iPhone, bey...
[12:53:52] 🔎 Tür belirlenemedi: Kocaeli vefat listesi (2 Nisan 2026 Perşembe): Bug...
[12:53:56] 🔎 Tür belirlenemedi: Değirmendere’de 10 yaşındaki Zümra ve Ravza’dan ha...
[12:54:00] 🔎 Tür belirlenemedi: Kocaeli Büyükşehir’den kadın ve çocuklara özel yen...
[12:54:04] 🔎 Tür belirlenemedi: Büyükşehir Zabıtası’ndan İzmit Millet Bahçesi çevr...
[12:54:07] 🔎 Tür belirlenemedi: Kocaeli Sanayi Odası’ndan DMD hastası Eray Kıvanç ...
[12:54:10] ⏩ Eski haber atlandı (2026-03-30 00:00:00): https://www.cagdaskocaeli.com.tr/haber/27715723/bbp-lideri-mustafa-destici-kocaeliye-geliyor-metehan-kupcu-tarih-verdi
[12:54:14] 🔎 Tür belirlenemedi: Fındık fiyatı son tablo! 31 Mart 2026 Salı serbest...
[12:54:19] ⏩ Eski haber atlandı (2026-03-30 00:00:00): https://www.cagdaskocaeli.com.tr/haber/27719009/kocaelide-goodyear-teklif-artirmadi-saridan-eylem-mesaji
[12:54:22] 🔎 Tür belirlenemedi: Ziraat Bankası bile satamadı! Kartepe'de 11 yıllık...
[12:54:25] ⏩ Eski haber atlandı (2026-03-30 00:00:00): https://www.cagdaskocaeli.com.tr/haber/27720652/30-mart-2026-cilgin-sayisal-loto-sonuclari-aciklandi-iste-milli-piyango-sayisal-loto-cekilisi-sorgulama-ekrani
[12:54:28] 🔎 Tür belirlenemedi: Resmi Gazete’de yayımlandı: Sağlık Bakanlığı’nda d...
[12:54:31] ⏩ Eski haber atlandı (2026-03-30 00:00:00): https://www.cagdaskocaeli.com.tr/haber/27718235/kocaeli-lastik-iscisinin-gozu-kulagi-bu-masada-goodyear-ile-besinci-gorusme
[12:54:34] 🔎 Tür belirlenemedi: Fındık fiyatı güncel liste! 1 Nisan 2026 Çarşamba ...
[12:54:39] 🔎 Tür belirlenemedi: Resmi Gazete’de yayımlandı: Yatay geçişte yeni dön...
[12:54:43] 🔎 Tür belirlenemedi: İsmail Baran’ın yeğeni Başiskele’de ölü bulundu! ...
[12:54:46] 🔎 Tür belirlenemedi: 1 Nisan 2026 Çılgın Sayısal Loto sonuçları açıklan...
[12:54:51] ⏩ Eski haber atlandı (2026-03-26 00:00:00): https://www.cagdaskocaeli.com.tr/foto/27725028/kocaeli-yuvacik-baraji-yuzde-100-doldu-sapanca-golu-su-transferi-basladi
[12:54:53] ⏩ Eski haber atlandı (2026-03-29 22:12:00): https://www.cagdaskocaeli.com.tr/foto/27712953/kocaelide-radara-girmeyin-bakanlik-12-ilcenin-tum-noktalarini-acti-iste-tam-liste
[12:54:56] ⏩ Eski haber atlandı (2026-03-30 00:00:00): https://www.cagdaskocaeli.com.tr/foto/27716623/isu-ve-saski-acikladi-yuvacik-93e-dayandi-sapanca-yukseliyor-iste-30-mart-guncel-su-seviyeleri
[12:54:59] ⏩ Eski haber atlandı (2026-03-30 00:00:00): https://www.cagdaskocaeli.com.tr/foto/27716760/iremnurun-hayali-gercek-oldu-genc-taraftar-kocaelispor-ile-unutulmaz-anlar-yasadi
[12:55:04] 🔎 Tür belirlenemedi: Zafer Partisi Derince’ye yeni isim...
[12:55:07] 🔎 Tür belirlenemedi: Kocaeli'nin yeni su sigortası İhsaniye Barajı'nda ...
[12:55:12] 🔎 Tür belirlenemedi: Kocaeli Kandıralılar Derneği’nde bayrak değişimi: ...
[12:55:15] ⏩ Eski haber atlandı (2026-03-29 22:12:00): https://www.cagdaskocaeli.com.tr/foto/27712953/kocaelide-radara-girmeyin-bakanlik-12-ilcenin-tum-noktalarini-acti-iste-tam-liste
[12:55:18] 🔎 Tür belirlenemedi: Yuvacık Barajı'nın yüzde 93'e ulaşmasıyla kapaklar...
[12:55:20] 🔎 Tür belirlenemedi: Ziraat Bankası bile satamadı! Kartepe'de 11 yıllık...
[12:55:25] 🔎 Tür belirlenemedi: MHP heyetinden Kocaelispor’a moral ziyareti! "Koca...
[12:55:28] 🔎 Tür belirlenemedi: Savaş ve altın piyasasındaki dalgalanma Kocaeli’de...
[12:55:31] 🔎 Tür belirlenemedi: İsmail Baran’ın yeğeni Başiskele’de ölü bulundu! ...
[12:55:34] 🔎 Tür belirlenemedi: Kocaeli fındık fiyatları - 30 Mart 2026 Pazartesi ...
[12:55:40] ✅ YENİ: [Spor] - Izmit
[12:55:45] 🔎 Tür belirlenemedi: CHP'li Yurtseven Boran: Engelli haklarından tasarr...
[12:55:49] 🔎 Tür belirlenemedi: Kocaeli'de günlerdir yağan yağmurun sebebi? Sosyal...
[12:55:53] ⏩ Eski haber atlandı (2026-03-30 10:42:00): https://www.cagdaskocaeli.com.tr/foto/27716981/kocaelide-ekmege-zam-1-nisandan-itibaren-o-fiyata-satilacak
[12:55:59] 🔎 Tür belirlenemedi: Sürücülere "multimedya" müjdesi! Bakan Çiftçi açık...
[12:56:03] 🔎 Tür belirlenemedi: Selçuk İnan: "Dünya Kupası'nı fazlasıyla hak etmiş...
[12:56:09] ✅ YENİ: [Spor] - Izmit
[12:56:13] ⏩ Eski haber atlandı (2026-03-29 00:00:00): https://www.cagdaskocaeli.com.tr/haber/27712475/kocaelisporlu-futbolculara-milli-takimda-forma-sansi-cikmadi
[12:56:16] 🔎 Tür belirlenemedi: MHP heyetinden Kocaelispor’a moral ziyareti! "Koca...
[12:56:21] 🔎 Tür belirlenemedi: Kocaelispor taraftarları Milli Takım'a destek için...
[12:56:25] ✅ YENİ: [Spor] - Izmit
[12:56:29] ✅ YENİ: [Asayiş & Operasyon] - Gebze
[12:56:35] ✅ YENİ: [Cinayet & Saldırı] - Gebze
[12:56:40] ✅ YENİ: [Asayiş & Operasyon] - Gebze
[12:56:44] ⏩ Eski haber atlandı (2026-03-01 00:00:00): https://www.cagdaskocaeli.com.tr/haber/27732886/kocaelide-119-okul-cevresi-didik-didik-edildi-yuzlerce-gbt-onlarca-ceza
[12:56:52] ⏩ Tarih eski/hatalı (41 P 3597): https://www.cagdaskocaeli.com.tr/haber/27731897/gebzede-ela-tabakoglu-dosyasinda-iddianame-tamamlandi-bilirkisi-raporunda-tartisma-yaratacak-degerlendirme
[12:56:58] ✅ YENİ: [Kültürel Etkinlikler] - Kartepe
[12:57:02] 🔎 Tür belirlenemedi: Fındık fiyatı bugün kaç TL? 2 Nisan 2026 Perşembe ...
[12:57:07] 🔎 Tür belirlenemedi: Kocaeli’de altın alacaklar bu listeye bakıyor: 2 N...
[12:57:11] 🔎 Tür belirlenemedi: İslam Memiş'ten Borsa İstanbul uyarısı: Satışlar b...
[12:57:15] 🔎 Tür belirlenemedi: Altın ve gümüş alacaklar dikkat! Filiz Eryılmaz ra...
[12:57:20] 🔎 Tür belirlenemedi: Batman’da aile katliamı! 17 yaşındaki çocuk annesi...
[12:57:24] ⏩ Eski haber atlandı (2026-03-30 00:00:00): https://www.cagdaskocaeli.com.tr/video/27721502/cayirovadaki-feci-kazada-gelisme-songul-basin-olumune-neden-olan-surucu-serbest
[12:57:27] ⏩ Eski haber atlandı (2026-03-27 00:00:00): https://www.cagdaskocaeli.com.tr/video/27703868/dilovasindaki-facia-davasinda-savcidan-tutuklulugun-devami-talebi
[12:57:32] ⏩ Eski haber atlandı (2026-03-15 00:00:00): https://www.cagdaskocaeli.com.tr/video/27691857/kocaelide-uyusturucu-operasyonu-40-adrese-baskin-36-supheli-yakalandi
[12:57:35] ⏩ Eski haber atlandı (2026-03-24 00:00:00): https://www.cagdaskocaeli.com.tr/video/27681211/kocaeli-dahil-38-ilde-nevruzda-teror-propagandasi
[12:57:39] ⏩ Eski haber atlandı (2026-03-22 00:00:00): https://www.cagdaskocaeli.com.tr/video/27673495/fatihte-dehset-genc-kadini-oldurup-evi-atese-verdi
[12:57:43] ⏩ Eski haber atlandı (2026-03-22 00:00:00): https://www.cagdaskocaeli.com.tr/video/27673434/vizesiz-tatil-kuyruk-getirdi-tatilciler-akin-etti-tedbirler-artirildi
[12:57:43] --- Özgür Kocaeli taranıyor ---
[12:57:52] ⏩ Tarih eski/hatalı (1.2. 4734): https://www.ozgurkocaeli.com.tr/haber/27730373/arac-kiralama-hizmeti-alinacaktir
[12:57:55] ⏩ Tarih eski/hatalı (09/04/2026): https://www.ozgurkocaeli.com.tr/haber/27729264/adapazari-orman-isletme-mudurlugu-demirbas-terkin-arac-satis-ilani
[12:57:57] ⏩ Tarih eski/hatalı (1.2. 4734): https://www.ozgurkocaeli.com.tr/haber/27729274/cop-konteyneri-ve-konteyner-tekeri-satin-alinacaktir
[12:58:01] 🔎 Tür belirlenemedi: 






Bir geceliğine tüm olumsuzlukları unuttuk
 ...
[12:58:12] ⏩ Tarih eski/hatalı (19 Eylül 00:47): https://www.ozgurkocaeli.com.tr/makale/26313645/recep-haldiz/her-zaman-daha-iyisi-icin-calisiyoruz
[12:58:15] ⏩ Eski haber atlandı (2026-03-16 08:06:00): https://www.ozgurkocaeli.com.tr/makale/27632617/omer-lutfi-celik/sen-hakem-falan-degilsin-cihan
[12:58:19] ⏩ Eski haber atlandı (2026-03-27 17:16:00): https://www.ozgurkocaeli.com.tr/makale/27697567/tumay-mercan/sokaktaki-siddet
[12:58:22] ⏩ Tarih eski/hatalı (None): https://www.ozgurkocaeli.com.tr/makale/27733108/sevcan-tamer/benim-icim-hep-nisan
[12:58:25] ⏩ Tarih eski/hatalı (None): https://www.ozgurkocaeli.com.tr/makale/27730403/erdogan-calin/paparazzi-zihniyetli-gorevliler-tetikte-olacaklar
[12:58:29] ⏩ Tarih eski/hatalı (None): https://www.ozgurkocaeli.com.tr/makale/27727228/mustafa-okcu/yargi-bagimsizligi
[12:58:32] ⏩ Eski haber atlandı (2026-03-29 09:25:00): https://www.ozgurkocaeli.com.tr/makale/27710286/mzeki-cansi/iran-abd-ve-israilin-yenilmezlik-algisini-kirdi
[12:58:35] 🔎 Tür belirlenemedi: 






Altmış yıl artı beş dakika
 İbrahim Elgin

...
[12:58:40] ⏩ Tarih eski/hatalı (None): https://www.ozgurkocaeli.com.tr/makale/27695052/ezgi-yilmazturk-ugras/bir-cocugun-dunyayi-tanima-yolculugu-seslerle-baslar
[12:58:43] ⏩ Eski haber atlandı (2026-03-23 22:27:00): https://www.ozgurkocaeli.com.tr/makale/27672092/hibrahim-kahraman/amel-i-salih-nedir-musluman-nasil-olmali
[12:58:48] ⏩ Eski haber atlandı (2026-03-19 16:37:00): https://www.ozgurkocaeli.com.tr/makale/27657833/faruk-kardas/bayrami-zehir-ettiniz
[12:58:52] ⏩ Eski haber atlandı (2026-03-21 01:24:00): https://www.ozgurkocaeli.com.tr/makale/27656776/murat-koprucu/kocaelispor-bayrami-zehir-etti
[12:58:56] ⏩ Eski haber atlandı (2026-01-01 10:34:00): https://www.ozgurkocaeli.com.tr/makale/27139180/kayra-akturkoglu/2026-kocaelisporun-yili-olacak
[12:59:00] ⏩ Tarih eski/hatalı (16 Kasım 15:33): https://www.ozgurkocaeli.com.tr/makale/25291145/aziz-emre-gundesen/petkovic-transferinde-tarih-tekerrur-etmesin
[12:59:04] ⏩ Tarih eski/hatalı (28 Aralık 18:05): https://www.ozgurkocaeli.com.tr/makale/25017242/saban-eraslan/sari-okuzu-verdigimizde-belediye-derincesporu-kaybetmistik
[12:59:10] ⏩ Tarih eski/hatalı (None): https://www.ozgurkocaeli.com.tr/ilan
[12:59:16] ✅ YENİ: [Yangın] - Hastane Yolu, Izmit
[12:59:20] 🔎 Tür belirlenemedi: İzmit’te otizm farkındalığı için güç birliği...
[12:59:23] 🔎 Tür belirlenemedi: Paramediklerden İl Sağlık Müdürü Pehlivan’a ziyare...
[12:59:45] 🔎 Tür belirlenemedi: İsmail Baran'ın acı günü! Yeğeni intihar etti......
[12:59:50] ✅ YENİ: [Cinayet & Saldırı] - Izmit
[12:59:56] ✅ YENİ: [Spor] - Izmit
[12:59:59] 🔎 Tür belirlenemedi: Kocaeli’de o fabrikadaki işçilere 119 bin TL maaş,...
[13:00:05] ✅ YENİ: [Asayiş & Operasyon] - Izmit
[13:00:09] 🔎 Tür belirlenemedi: İzmit’in tanınan ismi amansız hastalığa yenik düşt...
[13:00:13] 🔎 Tür belirlenemedi: Genç öğretmen anlattığı konuyla değil kıyafetiyle ...
[13:00:24] ✅ YENİ: [Cinayet & Saldırı] - Izmit
[13:00:39] 🔎 Tür belirlenemedi: 1 Nisan’da ekmek zamlanacak!...
[13:00:43] 🔎 Tür belirlenemedi: 1 Nisan’da ekmek zamlanacak!...
[13:00:49] ✅ YENİ: [Spor] - Izmit
[13:00:54] 🔎 Tür belirlenemedi: Goodyear çalışanları 40 bin liralık promosyonu düş...
[13:00:59] 🔎 Tür belirlenemedi: Büyükakın anket açtı... Millet Bahçesi akvaryumunu...
[13:01:03] 🔎 Tür belirlenemedi: Genç öğretmen anlattığı konuyla değil kıyafetiyle ...
[13:01:06] 🔎 Tür belirlenemedi: Lastik işçisine teklif gelmedi! Sarı tepki gösterd...
[13:01:14] 🔎 Tür belirlenemedi: KESOB adaylığı konuşulan Demir net konuştu: Benim ...
[13:01:26] 🔎 Tür belirlenemedi: Kartepe İstasyon ışıklarında su birikintisi sorunu...
[13:01:30] ⏩ Tarih eski/hatalı (None): https://www.ozgurkocaeli.com.tr/kocaeli-vefatlar
[13:01:36] ✅ YENİ: [Spor] - Gebze
[13:01:41] ✅ YENİ: [Spor] - Izmit
[13:01:44] 🔎 Tür belirlenemedi: Başkan Büyükakın o hakemi tebrik etti...
[13:01:49] 🔎 Tür belirlenemedi: Hakem Akça’dan alkışlanacak davranış...
[13:01:57] 🔎 Tür belirlenemedi: Stres atmak için gittikleri halı saha maçında yumr...
[13:02:01] ⏩ Eski haber atlandı (2026-03-21 00:00:00): https://www.ozgurkocaeli.com.tr/video/27670382/irandan-israilin-dimona-kentine-fuze-saldirisi-20-yarali
[13:02:05] ⏩ Eski haber atlandı (2026-03-21 00:00:00): https://www.ozgurkocaeli.com.tr/video/27670383/bursa-ankara-karayolunda-feci-kaza-1-olu
[13:02:10] ⏩ Eski haber atlandı (2026-03-21 00:00:00): https://www.ozgurkocaeli.com.tr/video/27670377/bogazi-kesilerek-oldurulen-sahsin-kimligi-belirlendi-cinayetin-suphelisi-yakalandi
[13:02:13] ⏩ Eski haber atlandı (2026-03-19 00:00:00): https://www.ozgurkocaeli.com.tr/foto/27662793/bayram-haftasinda-6-yeni-film
[13:02:17] ⏩ Eski haber atlandı (2026-03-18 17:52:00): https://www.ozgurkocaeli.com.tr/foto/27655858/alanyaspor-kocaelispor-macindan-kareler
[13:02:21] ⏩ Eski haber atlandı (2026-03-17 00:00:00): https://www.ozgurkocaeli.com.tr/video/27649126/vr-gozlugu-takip-damar-yolunu-3-boyutlu-buluyorlar
[13:02:25] ⏩ Eski haber atlandı (2026-03-17 09:43:00): https://www.ozgurkocaeli.com.tr/video/27641819/boyle-olay-ne-goruldu-ne-duyuldu-frenine-bakmak-icin-saga-cekti-ve
[13:02:29] ⏩ Eski haber atlandı (2026-03-16 19:29:00): https://www.ozgurkocaeli.com.tr/video/27634853/izmit-korfezinde-camur-gitti-alli-turnalarin-sayisi-ikiye-katlandi
[13:02:33] ⏩ Eski haber atlandı (2026-03-14 00:00:00): https://www.ozgurkocaeli.com.tr/foto/27631104/kocaelispor-konyaspor-macindan-kareler
[13:02:37] ⏩ Eski haber atlandı (2026-03-26 18:34:00): https://www.ozgurkocaeli.com.tr/video/27630646/17-yilda-110-milyon-yolcu-yht-ile-seyahat-etti
[13:02:40] ⏩ Eski haber atlandı (2026-03-12 00:00:00): https://www.ozgurkocaeli.com.tr/foto/27620952/izmit-sinemalarinda-tam-10-yeni-film
[13:02:44] ⏩ Eski haber atlandı (2026-03-12 00:00:00): https://www.ozgurkocaeli.com.tr/video/27618261/ogrencilerin-gelisimi-artik-dijital-olarak-analiz-ediliyor
[13:02:48] ⏩ Eski haber atlandı (2026-02-27 00:44:00): https://www.ozgurkocaeli.com.tr/foto/27536389/izmit-sinemalarinda-10-yeni-film-sec-begen-izle
[13:02:55] ✅ YENİ: [Spor] - Izmit
[13:03:05] 🔎 Tür belirlenemedi: Bakan Çiftçi'den multimedya sistemleriyle ilgili a...
[13:03:09] 🔎 Tür belirlenemedi: Dünyaca Ünlü Yazar Akif Manaf’a BULTÜRK Barış Ödül...
[13:03:19] 🔎 Tür belirlenemedi: Büyükşehir’den kadın ve çocuklara yönelik bir proj...
[13:03:22] 🔎 Tür belirlenemedi: Hastanede sedyeden düştüğü iddia edilen genç, yaşa...
[13:03:26] 🔎 Tür belirlenemedi: Değirmendere’de iki kız çocuğu kayıp...
[13:03:30] 🔎 Tür belirlenemedi: "Kızım TikTok'a düştü, assolist olma hayaliyle yuv...
[13:03:34] 🔎 Tür belirlenemedi: Aydın'da trafik kazası: 1 yaralı...
[13:03:36] 🔎 Tür belirlenemedi:  Traktörün şaftına düşen 5 yaşındaki çocuk hayatın...
[13:03:39] 🔎 Tür belirlenemedi: Fenomen Cihan Şensözlü hakkında tahliye kararı...
[13:03:39] --- Ses Kocaeli taranıyor ---
[13:03:44] 🔎 Tür belirlenemedi: Nafiz Doyraner vefat etti...
[13:03:47] 🔎 Tür belirlenemedi: Çenesuyu'na zam geldi!...
[13:03:50] 🔎 Tür belirlenemedi: Cumhur Küçükbalkan hayatını kaybetti...
[13:03:54] ⏩ Tarih eski/hatalı (18 Aralık 16:06): https://www.seskocaeli.com/makale/9446381/gungor-arslan/zerayin-iddialari-cok-ciddi
[13:03:57] ⏩ Tarih eski/hatalı (14 Ekim 07:16): https://www.seskocaeli.com/makale/9399238/mektup-gungor-arslan/ergunun-cenazesinden-cikarilacak-dersler
[13:04:00] ⏩ Eski haber atlandı (2026-02-25 18:16:00): https://www.seskocaeli.com/makale/27487109/nazlican-arslan/cok-ozledim-ama-kavusmak-icin-acele-edemem
[13:04:04] ⏩ Tarih eski/hatalı (None): https://www.seskocaeli.com/makale/27735096/erol-ozyavuz/bu-nasil-rapor
[13:04:07] ⏩ Eski haber atlandı (2026-02-19 06:23:00): https://www.seskocaeli.com/makale/27487049/suna-arslan/gecen-4-yil-gelmeyen-adalet
[13:04:10] 🔎 Tür belirlenemedi: 






Tarafsız değilsiniz, sadece suskunsunuz
 Me...
[13:04:15] ⏩ Eski haber atlandı (2026-03-19 12:16:00): https://www.seskocaeli.com/makale/27659379/caner-gocmez/cocuk-ol
[13:04:19] ⏩ Tarih eski/hatalı (18 Ekim 23:07): https://www.seskocaeli.com/makale/26611161/izmit-cocugu/chp-kongresi-mi-akp-on-secimi-mi-belli-degil
[13:04:23] ⏩ Eski haber atlandı (2024-08-22 00:00:00): https://www.seskocaeli.com/makale/26297841/guvenc-kockaya/bilimin-isiginda-asilarin-yaninda
[13:04:27] ⏩ Eski haber atlandı (2026-03-02 00:00:00): https://www.seskocaeli.com/haber/27557254/kocaelispor-loca-polemiginin-arkasindaki-gercek
[13:04:32] ⏩ Eski haber atlandı (2026-03-14 22:15:00): https://www.seskocaeli.com/haber/27434416/okulun-yaninda-lojistik-parkina-kim-izin-verdi
[13:04:36] ⏩ Eski haber atlandı (2026-02-06 10:53:00): https://www.seskocaeli.com/haber/27398634/halica-magdur-etti-hem-kapora-aldi-hem-de-urunu-teslim-etmedi-iddiasi
[13:04:39] 🔎 Tür belirlenemedi: Kocaeli’de otomotiv firması krizi!...
[13:04:43] 🔎 Tür belirlenemedi: 17 yaşındaki genç kalbinden bıçaklandı!...
[13:04:47] 🔎 Tür belirlenemedi: Bıçaklanan 17 yaşındaki genç hayatını kaybetti...
[13:04:50] 🔎 Tür belirlenemedi: TEM'de feci kaza!...
[13:04:54] ⏩ Eski haber atlandı (2026-03-30 00:00:00): https://www.seskocaeli.com/haber/27720577/ismail-baranin-genc-yastaki-yegeni-olu-bulundu
[13:04:57] 🔎 Tür belirlenemedi: Okul çıkışı kaybolan kızlar bulundu!...
[13:05:01] 🔎 Tür belirlenemedi: 17 yaşındaki genci böyle öldürmüş!...
[13:05:05] 🔎 Tür belirlenemedi: Kocaeli’de ekmeğe zam geldi!...
[13:05:09] 🔎 Tür belirlenemedi: İntihar girişiminde bulunan fenomen taburcu edildi...
[13:05:22] ⏩ Eski haber atlandı (2026-03-30 00:00:00): https://www.seskocaeli.com/haber/27715889/gozaltina-alinan-baskan-yalima-kocaelide-operasyon
[13:05:36] ✅ YENİ: [Asayiş & Operasyon] - Derince
[13:05:40] 🔎 Tür belirlenemedi: Kocaeli’de ekmeğe zam geldi!...
[13:05:43] 🔎 Tür belirlenemedi: Kocaeli’de otomotiv firması krizi!...
[13:05:47] 🔎 Tür belirlenemedi: İmamoğlu davası ertelendi...
[13:05:50] 🔎 Tür belirlenemedi: Motorine zam geliyor!...
[13:05:54] 🔎 Tür belirlenemedi: CHP’li Boran’dan ÖTV muafiyeti tepkisi...
[13:05:57] 🔎 Tür belirlenemedi: Veteriner hekimlerden çağrı: "Klinikler kapanma ri...
[13:06:01] 🔎 Tür belirlenemedi: Çifte cinayetin davası başlıyor!...
[13:06:05] 🔎 Tür belirlenemedi: Körfez'de alt geçitler suyla doldu...
[13:06:09] 🔎 Tür belirlenemedi: Selçuk İnan'dan yeni sözleşme açıklaması...
[13:06:13] 🔎 Tür belirlenemedi: Körfez'de eğitim kurumlarına destek sürüyor...
[13:06:16] 🔎 Tür belirlenemedi: TEM'de feci kaza!...
[13:06:24] 🔎 Tür belirlenemedi: 17 yaşındaki genç kalbinden bıçaklandı!...
[13:06:27] ⏩ Eski haber atlandı (2026-03-12 22:00:00): https://www.seskocaeli.com/haber/27069111/okul-mudurunun-paylasimi-gundem-oldu
[13:06:30] ⏩ Eski haber atlandı (2025-12-02 00:00:00): https://www.seskocaeli.com/haber/26948132/o-belediye-dolandiricilarin-kurbani-oldu
[13:06:34] ⏩ Eski haber atlandı (2026-03-11 22:35:00): https://www.seskocaeli.com/haber/27343401/zirhli-gross-market-vatandasi-uzdu
[13:06:38] ⏩ Eski haber atlandı (2026-03-09 06:48:00): https://www.seskocaeli.com/haber/27200656/hurriyet-ak-partiye-mi-geciyor
[13:06:41] 🔎 Tür belirlenemedi: Körfezli karateciler şampiyona takımına seçildi...
[13:06:45] 🔎 Tür belirlenemedi: Türkiye, 24 yılın ardından Dünya Kupası'nda!...
[13:06:48] 🔎 Tür belirlenemedi: Anfernee Dijksteel: "Nerede oynadığım benim için ç...
[13:06:52] 🔎 Tür belirlenemedi: Selçuk İnan'dan yeni sözleşme açıklaması...
[13:06:56] 🔎 Tür belirlenemedi: Kağıtspor haftayı uluslararası madalyalarla taçlan...
[13:07:00] ⏩ Eski haber atlandı (2026-03-30 00:00:00): https://www.seskocaeli.com/haber/27720810/iller-arasi-yildizlar-ferdi-boks-turnuvasi-sona-erdi
[13:07:03] ⏩ Eski haber atlandı (2026-03-30 00:00:00): https://www.seskocaeli.com/haber/27718670/kocaelispor-macinin-biletleri-satisa-cikti
[13:07:06] ⏩ Eski haber atlandı (2025-03-22 00:00:00): https://www.seskocaeli.com/haber/24230805/eski-baskan-yardimcisinin-aci-kaybi
[13:07:10] ⏩ Tarih eski/hatalı (06 Ağu 2024): https://www.seskocaeli.com/haber/21205355/turkiye-ile-instagram-arasinda-anlasma-saglandi
[13:07:13] ⏩ Tarih eski/hatalı (17 Ağustos 15:41): https://www.seskocaeli.com/haber/12576159/ersin-kurt-kimlerle-gorusmus-kimlerle
[13:07:16] ⏩ Eski haber atlandı (2026-01-18 17:06:00): https://www.seskocaeli.com/haber/12565175/hakkinda-feto-sorusturmasi-baslatilan-yusuf-aydin-kimmis
[13:07:21] ⏩ Eski haber atlandı (2024-03-19 00:00:00): https://www.seskocaeli.com/haber/19615471/thynin-kredi-notu-yukseldi
[13:07:26] ⏩ Eski haber atlandı (2024-03-16 00:00:00): https://www.seskocaeli.com/haber/19590998/ahsap-ev-alevlere-teslim-oldu
[13:07:31] ⏩ Tarih eski/hatalı (17 Ağustos 15:41): https://www.seskocaeli.com/haber/12576159/ersin-kurt-kimlerle-gorusmus-kimlerle
[13:07:35] ⏩ Eski haber atlandı (2026-01-18 17:06:00): https://www.seskocaeli.com/haber/12565175/hakkinda-feto-sorusturmasi-baslatilan-yusuf-aydin-kimmis
[13:07:38] ⏩ Tarih eski/hatalı (05 Aralık 23:28): https://www.seskocaeli.com/haber/12556070/alacagini-istemeye-gitmis
[13:07:42] ⏩ Tarih eski/hatalı (18 Temmuz 10:38): https://www.seskocaeli.com/video/11278529/yolcular-korku-dolu-anlar-yasadi
[13:07:45] ⏩ Tarih eski/hatalı (25 Haziran 10:59): https://www.seskocaeli.com/foto/11201748/kandirada-hortum-cikti
[13:07:49] ⏩ Tarih eski/hatalı (21 Aralık 22:29): https://www.seskocaeli.com/video/11186089/otogarda-engelli-sahsa-saldiri
[13:07:51] ⏩ Tarih eski/hatalı (14 Temmuz 10:42): https://www.seskocaeli.com/foto/11182068/yagis-sele-dondu
[13:07:54] ⏩ Tarih eski/hatalı (19 Mayıs 02:40): https://www.seskocaeli.com/video/11166586/bogulan-arkadasi-icin-dakikalarca-bagirdi
[13:07:57] ⏩ Eski haber atlandı (2022-06-17 00:00:00): https://www.seskocaeli.com/video/11165592/az-kalsin-millet-bahcesinde-boguluyordu
[13:08:01] ⏩ Eski haber atlandı (2026-02-18 11:53:00): https://www.seskocaeli.com/foto/11091868/deniz-kirlenmeye-basladi-temizleme-botu-yatiyor
[13:08:05] ⏩ Eski haber atlandı (2022-06-11 00:00:00): https://www.seskocaeli.com/video/11088838/yildirim-dustu-alev-alev-yandi
[13:08:09] ⏩ Eski haber atlandı (2026-01-12 10:16:00): https://www.seskocaeli.com/video/11085967/mazgal-kapagini-sirtlayip-boyle-caldi
[13:08:11] ⏩ Tarih eski/hatalı (30 Kasım 19:04): https://www.seskocaeli.com/video/11083937/mucevher-firmasini-bastilar
[13:08:15] ⏩ Tarih eski/hatalı (17 Temmuz 14:39): https://www.seskocaeli.com/foto/10454566/kefkende-konaklama-icin-ilk-tercih-merkez-apart
[13:08:18] ⏩ Eski haber atlandı (2026-03-15 09:58:00): https://www.seskocaeli.com/foto/10443682/tramvay-calismalari-yavas-ilerliyor
[13:08:23] ⏩ Tarih eski/hatalı (20 Ekim 02:05): https://www.seskocaeli.com/foto/10071438/asirlik-lezzet-teneke-ekmegi
[13:08:27] ⏩ Eski haber atlandı (2026-01-13 14:02:00): https://www.seskocaeli.com/foto/10049698/izmitliler-sahile-akin-etti
[13:08:27] --- Bizim Yaka taranıyor ---
[13:08:31] 🔎 Tür belirlenemedi: LPG'ye dev zam!...
[13:08:36] 🔎 Tür belirlenemedi: Altın ve gümüş Trump'la çakıldı...
[13:08:39] ⏩ Eski haber atlandı (2023-12-30 00:00:00): https://www.bizimyaka.com/haber/27735579/otvsiz-arac-duzenlemesi-mecliste-onaylandi
[13:08:42] 🔎 Tür belirlenemedi: Türkiye genelinde başıboş hayvanların yüzde 75'i t...
[13:08:45] ⏩ Eski haber atlandı (2025-03-19 00:00:00): https://www.bizimyaka.com/makale/27733388/galip-ataman/erdogan-istemeden-ara-secim-olmaz
[13:08:50] ⏩ Tarih eski/hatalı (None): https://www.bizimyaka.com/makale/27733260/mustafa-elbi/24-yil-sonra-dunya-kupasindayiz
[13:08:53] ⏩ Tarih eski/hatalı (None): https://www.bizimyaka.com/makale/27268575/enes-sen/sosyal-medyada-sert-ittifakta-sessiz-bbpnin-celiskili-siyaseti
[13:08:57] ⏩ Tarih eski/hatalı (None): https://www.bizimyaka.com/makale/18427658/gulsum-guney/az-coktur
[13:09:01] ⏩ Tarih eski/hatalı (None): https://www.bizimyaka.com/makale/27735867/mehmet-sonmezoglu/hac-mubarek-bir-yolculuktur
[13:09:06] 🔎 Tür belirlenemedi: Kadınlar için yeni buluşma noktası...
[13:09:10] 🔎 Tür belirlenemedi: Büyükşehir Zabıtası’ndan çift taraflı parka müdaha...
[13:09:14] ⏩ Tarih eski/hatalı (05 Mayıs 2026): https://www.bizimyaka.com/haber/27736844/cayirovada-nisan-ayi-meclis-toplantisi-tamamlandi
[13:09:18] 🔎 Tür belirlenemedi: Sertif Gökçe: “Ortak akılla daha güçlü derince”...
[13:09:22] ⏩ Eski haber atlandı (2026-03-30 00:00:00): https://www.bizimyaka.com/haber/27720887/kocaelide-sosyal-merkez-projesi-hazir-polis-emeklilerine-muhtesem-tesis
[13:09:28] 🔎 Tür belirlenemedi: Goodyear çalışanları promosyonu düşük buldu! Eylem...
[13:09:35] 🎯 Benzer haber bulundu, kaynak listesi güncellendi.
[13:09:38] ⏩ Eski haber atlandı (2026-03-30 00:00:00): https://www.bizimyaka.com/haber/27720493/ismail-baranin-aci-gunu-yegeni-hayatini-son-verdi
[13:09:52] ⏩ Eski haber atlandı (2026-03-30 00:00:00): https://www.bizimyaka.com/haber/27717749/arac-sahipleri-dikkat-polis-isterse-ceza-yazabilecek
[13:09:56] 🔎 Tür belirlenemedi: Market kavgası ölümle bitti: 17 yaşındaki çocuk ha...
[13:10:01] ⏩ Eski haber atlandı (2026-03-30 00:00:00): https://www.bizimyaka.com/haber/27718946/kocaelide-siddetli-saganak-hayati-olumsuz-etkiledi-tedbir-amacli-egitime-ara-verildi
[13:10:07] 🔎 Tür belirlenemedi: İzmit Körfezi iki renk oldu: Derenin taşıdığı çamu...
[13:10:11] 🔎 Tür belirlenemedi: İzmitli mali müşavir kansere yenik düştü...
[13:10:15] ⏩ Eski haber atlandı (2026-03-30 00:00:00): https://www.bizimyaka.com/haber/27716092/d-100de-zincirleme-kaza-3-yarali
[13:10:17] ⏩ Eski haber atlandı (2026-03-30 00:00:00): https://www.bizimyaka.com/haber/27716151/dolar-yeniden-rekor-kirdi
[13:10:21] ⏩ Eski haber atlandı (2026-03-30 00:00:00): https://www.bizimyaka.com/haber/27716168/altin-ve-gumus-yatirimcisi-ne-yapacak
[13:10:25] ⏩ Eski haber atlandı (2026-03-30 00:00:00): https://www.bizimyaka.com/haber/27716193/trafik-cezalarinda-onemli-ayrinti-ucreti-degisti
[13:10:30] ⏩ Eski haber atlandı (2026-03-30 00:00:00): https://www.bizimyaka.com/haber/27716216/hallere-vergi-operasyonu-fiyatlari-sisiriyorlar
[13:10:33] ⏩ Eski haber atlandı (2026-03-30 00:00:00): https://www.bizimyaka.com/haber/27716271/kocaeli-yeni-haftaya-yagisla-giriyor-kuvvetli-saganak-uyarisi
[13:10:37] ⏩ Eski haber atlandı (2026-03-30 00:00:00): https://www.bizimyaka.com/haber/27716410/buyuksehirden-yaya-ulasimina-guvenli-dokunus
[13:10:40] 🔎 Tür belirlenemedi: Enerjide dijital dönüşümün kalbi bu laboratuvarda ...
[13:10:44] ⏩ Tarih eski/hatalı (None): https://www.bizimyaka.com/kocaeli-vefatlar
[13:10:49] ✅ YENİ: [Asayiş & Operasyon] - Kartepe
[13:11:09] 🔎 Tür belirlenemedi: SP Karamürsel’den esnaf odasına ziyaret...
[13:11:12] ⏩ Eski haber atlandı (2025-11-08 00:00:00): https://www.bizimyaka.com/haber/27733431/gergerlioglu-dilovasi-ve-gayrettepe-yangin-facialarini-ofg-tvde-konuklariyla-degerlendirdi-adalet-mutlaka-tecelli-etmeli
[13:11:15] ⏩ Eski haber atlandı (2025-10-29 00:00:00): https://www.bizimyaka.com/haber/27733440/muhip-kanko-bir-aile-yok-oldu-bunun-hesabini-kim-verecek
[13:11:21] ✅ YENİ: [Cinayet & Saldırı] - Gebze
[13:11:25] 🔎 Tür belirlenemedi: MHP heyetinden Kocaelispor’a moral ziyareti! "Koca...
[13:11:29] 🔎 Tür belirlenemedi: Saadet Partisi Kocaeli’den trafik cezası çıkışı: "...
[13:11:34] ⏩ Eski haber atlandı (2025-06-18 00:00:00): https://www.bizimyaka.com/video/25270030/copten-sanata-bu-eserlere-talep-cok
[13:11:39] ⏩ Tarih eski/hatalı (06 ve 2016): https://www.bizimyaka.com/video/25202447/binlerce-obruk-geri-dondurulemez-durumda
[13:11:42] ⏩ Eski haber atlandı (2025-06-04 00:00:00): https://www.bizimyaka.com/video/25168528/sosyal-medyadaki-buyuk-tehlike
[13:11:45] ⏩ Eski haber atlandı (2025-06-02 00:00:00): https://www.bizimyaka.com/video/25153501/bir-koyun-hafizasi-masukiye-artik-sayfalarda-yasiyor
[13:11:49] ⏩ Eski haber atlandı (2025-04-09 00:00:00): https://www.bizimyaka.com/video/24506381/annesinin-terk-ettigi-yavru-karacaya-ekipler-sahip-cikti
[13:11:52] ⏩ Eski haber atlandı (2025-04-09 00:00:00): https://www.bizimyaka.com/video/24504627/oturma-odasinda-korkutan-yangin
[13:11:56] ⏩ Eski haber atlandı (2025-03-15 00:00:00): https://www.bizimyaka.com/video/24131194/temde-8-milyon-adet-makaron-ele-gecirildi
[13:11:59] ⏩ Eski haber atlandı (2024-11-25 00:00:00): https://www.bizimyaka.com/foto/22466557/kocaelispor-bandirmaspor-macindan-kesitler
[13:12:02] ⏩ Eski haber atlandı (2024-10-31 00:00:00): https://www.bizimyaka.com/foto/22210141/a101-aktuel-katalogu-31-ekim-2024-a101-katalog-bu-hafta-hangi-urunleri-sunuyor
[13:12:06] ⏩ Eski haber atlandı (2024-10-27 00:00:00): https://www.bizimyaka.com/foto/22193989/bu-hafta-hangi-filmler-vizyona-girecek-iste-haftanin-7-filmi
[13:12:09] ⏩ Eski haber atlandı (2024-10-13 00:00:00): https://www.bizimyaka.com/foto/22065243/fuar-bugun-kapilarini-kapatiyor
[13:12:12] ⏩ Eski haber atlandı (2024-10-11 00:00:00): https://www.bizimyaka.com/foto/21816328/denizden-kiyiya-sanat-kartepede-akrilik-resim-driftwood-sanati-sergisi
[13:12:16] ⏩ Eski haber atlandı (2024-08-29 00:00:00): https://www.bizimyaka.com/foto/21469968/a101-kirtasiye-urunleri-2024-bu-hafta-a101-29-agustos-2024-aktuel-katalogu
[13:12:21] ⏩ Eski haber atlandı (2024-08-15 00:00:00): https://www.bizimyaka.com/foto/21305167/a101-markete-jet-ski-geliyor-15-agustos-2024-a101-persembe-aktuel-urunler-katalogu
[13:12:21] ✅ Tarama Bitti
